23:05:49 🛠  正在下发配置指令...
23:05:50 📡 雷达监听中，正在接收实时数据...
23:06:35 🛠  正在下发配置指令...
23:06:36 📡 雷达监听中，正在接收实时数据...
08:09:26 ❌ 串口错误: Serial port busy
08:09:28 🛠  正在下发配置指令...
08:09:29 📡 雷达监听中（带光敏监测），1秒/次 写入数据库...
08:11:45 ❌ 串口错误: Serial port busy
08:11:47 🛠  正在下发配置指令...
08:11:48 📡 雷达监听中（带光敏监测），1秒/次 写入数据库...
2026/04/29 08:14:42 ❌ 串口打开失败: Serial port busy
2026/04/29 08:14:44 📡 系统启动：人体感应 + 环境光感监测中...
2026/04/29 08:14:55 📡 系统启动：人体感应 + 环境光感监测中...
2026/04/29 08:15:35 📡 系统启动：人体感应 + 环境光感监测中...
2026/04/29 08:17:44 📡 系统启动：人体感应 + 环境光感监测中...
2026/04/29 08:20:43 📡 系统启动：人体感应 + 环境光感监测中...
2026/04/29 08:20:55 📡 系统启动：人体感应 + 环境光感监测中...
2026/04/29 08:21:04 📡 系统启动：人体感应 + 环境光感监测中...
2026/04/29 10:29:30 📡 系统启动：人体感应 + 环境光感监测中...
2026/04/29 10:37:16 📡 系统启动：人体感应 + 环境光感监测中...
2026/04/29 10:39:17 📡 系统启动：人体感应 + 环境光感监测中...
2026/04/29 10:40:18 📡 系统启动：人体感应 + 环境光感监测中...
2026/04/30 23:34:00 ❌ 串口打开失败: Permission denied
2026/04/30 23:34:05 ⚠️ 数据库连接异常: failed to connect to server: dial tcp 127.0.0.1:9009: connect: connection refused
2026/04/30 23:34:06 📡 系统启动：人体感应 + 环境光感监测中...
2026/05/01 00:08:29 📡 系统启动：人体感应 + 环境光感监测中...
2026/05/01 11:29:49 ❌ 串口打开失败: Permission denied
2026/05/01 11:29:56 📡 系统启动：人体感应 + 环境光感监测中...
2026/05/01 11:36:46 ❌ 串口打开失败: Permission denied
2026/05/01 11:36:51 📡 系统启动：人体感应 + 环境光感监测中...
2026/05/01 21:06:10 📡 系统启动：人体感应 + 环境光感监测中...
